<?xml version="1.0" encoding="UTF-8"?>
<!-- Generated by org.testng.reporters.JUnitReportReporter -->
<testsuite hostname="DESKTOP-RC5PJRD" failures="0" tests="2" name="Tests.LambdaTest" time="51.395" errors="0" timestamp="2022-08-16T10:23:27 IST" skipped="0">
  <testcase classname="Tests.LambdaTest" name="TestScenario" time="27.076"/>
  <system-out/>
  <testcase classname="Tests.LambdaTest" name="TestScenario" time="24.319"/>
  <system-out/>
</testsuite> <!-- Tests.LambdaTest -->
