<?xml version="1.0" encoding="UTF-8"?>
<!-- Generated by org.testng.reporters.JUnitReportReporter -->
<testsuite hostname="DESKTOP-RC5PJRD" failures="0" tests="2" name="Tests.LearningTest" time="201.811" errors="0" timestamp="2022-08-15T17:14:31 IST" skipped="0">
  <testcase classname="Tests.LearningTest" name="f" time="63.822"/>
  <system-out/>
  <testcase classname="Tests.LearningTest" name="f" time="137.989"/>
  <system-out/>
</testsuite> <!-- Tests.LearningTest -->
