<?xml version="1.0" encoding="UTF-8"?>
<!-- Generated by org.testng.reporters.JUnitReportReporter -->
<testsuite hostname="DESKTOP-RC5PJRD" failures="0" tests="1" name="Tests.AssignmentTask" time="15.764" errors="0" timestamp="2022-08-15T12:57:41 IST" skipped="0">
  <testcase classname="Tests.AssignmentTask" name="TestScenario" time="15.764"/>
  <system-out/>
</testsuite> <!-- Tests.AssignmentTask -->
